\BOOKMARK [1][-]{section.1}{\376\377\137\025\212\000}{}% 1
\BOOKMARK [2][-]{subsection.1.1}{\376\377\170\024\172\166\200\314\146\157}{section.1}% 2
\BOOKMARK [2][-]{subsection.1.2}{\376\377\147\054\145\207\135\345\117\134}{section.1}% 3
\BOOKMARK [1][-]{section.2}{\376\377\174\373\176\337\140\073\117\123\147\266\147\204}{}% 4
\BOOKMARK [2][-]{subsection.2.1}{\376\377\213\276\213\241\123\237\122\031}{section.2}% 5
\BOOKMARK [2][-]{subsection.2.2}{\376\377\126\333\134\102\147\266\147\204}{section.2}% 6
\BOOKMARK [2][-]{subsection.2.3}{\376\377\142\200\147\057\150\010}{section.2}% 7
\BOOKMARK [1][-]{section.3}{\376\377\131\047\145\160\143\156\122\006\147\220\152\041\127\127}{}% 8
\BOOKMARK [2][-]{subsection.3.1}{\376\377\145\160\143\156\151\202\121\265\116\016\230\204\131\004\164\006}{section.3}% 9
\BOOKMARK [2][-]{subsection.3.2}{\376\377\121\155\134\102\122\006\147\220\150\106\147\266}{section.3}% 10
\BOOKMARK [2][-]{subsection.3.3}{\376\377\126\340\147\234\143\250\145\255\134\102}{section.3}% 11
\BOOKMARK [1][-]{section.4}{\376\377\146\172\200\375\150\300\175\042\000A\000g\000e\000n\000t}{}% 12
\BOOKMARK [2][-]{subsection.4.1}{\376\377\213\276\213\241\122\250\147\072}{section.4}% 13
\BOOKMARK [2][-]{subsection.4.2}{\376\377\155\367\124\010\150\300\175\042\173\126\165\145}{section.4}% 14
\BOOKMARK [2][-]{subsection.4.3}{\376\377\000L\000a\000n\000g\000C\000h\000a\000i\000n\000\040\000A\000g\000e\000n\000t\213\276\213\241}{section.4}% 15
\BOOKMARK [1][-]{section.5}{\376\377\131\032\000A\000g\000e\000n\000t\123\117\117\134\174\373\176\337}{}% 16
\BOOKMARK [2][-]{subsection.5.1}{\376\377\000L\000a\000n\000g\000G\000r\000a\000p\000h\177\026\143\222\147\266\147\204}{section.5}% 17
\BOOKMARK [2][-]{subsection.5.2}{\376\377\116\011\000A\000g\000e\000n\000t\200\114\215\043\122\006\135\345}{section.5}% 18
\BOOKMARK [2][-]{subsection.5.3}{\376\377\000S\000S\000E\155\101\137\017\217\223\121\372}{section.5}% 19
\BOOKMARK [1][-]{section.6}{\376\377\131\032\000A\000g\000e\000n\000t\154\325\137\213\217\251\213\272\174\373\176\337}{}% 20
\BOOKMARK [2][-]{subsection.6.1}{\376\377\213\276\213\241\164\006\137\365}{section.6}% 21
\BOOKMARK [2][-]{subsection.6.2}{\376\377\174\373\176\337\147\266\147\204}{section.6}% 22
\BOOKMARK [2][-]{subsection.6.3}{\376\377\150\110\117\213\213\276\213\241}{section.6}% 23
\BOOKMARK [2][-]{subsection.6.4}{\376\377\155\101\137\017\217\251\213\272\117\123\232\214}{section.6}% 24
\BOOKMARK [1][-]{section.7}{\376\377\000L\000L\000M\154\325\137\213\200\375\122\233\213\304\155\113}{}% 25
\BOOKMARK [2][-]{subsection.7.1}{\376\377\213\304\155\113\127\372\121\306\213\276\213\241}{section.7}% 26
\BOOKMARK [2][-]{subsection.7.2}{\376\377\123\321\163\260\116\016\124\057\171\072}{section.7}% 27
\BOOKMARK [1][-]{section.8}{\376\377\000W\000e\000b\136\163\123\360\116\016\123\357\211\306\123\026}{}% 28
\BOOKMARK [2][-]{subsection.8.1}{\376\377\000S\000P\000A\123\125\230\165\136\224\165\050\213\276\213\241}{section.8}% 29
\BOOKMARK [2][-]{subsection.8.2}{\376\377\145\160\143\156\116\352\210\150\166\330}{section.8}% 30
\BOOKMARK [2][-]{subsection.8.3}{\376\377\146\172\200\375\225\356\173\124\116\016\152\041\142\337\217\251\213\272}{section.8}% 31
\BOOKMARK [2][-]{subsection.8.4}{\376\377\142\245\124\112\165\037\142\020\116\016\146\172\200\375\177\216\123\026}{section.8}% 32
\BOOKMARK [1][-]{section.9}{\376\377\142\200\147\057\213\250\213\272}{}% 33
\BOOKMARK [2][-]{subsection.9.1}{\376\377\000`\000`\150\300\175\042\000-\122\006\147\220\000-\150\041\232\214\000'\000'\000A\000g\000e\000n\000t\123\117\117\134\203\003\137\017\166\204\116\367\120\074}{section.9}% 34
\BOOKMARK [2][-]{subsection.9.2}{\376\377\131\032\000A\000g\000e\000n\000t\217\251\213\272\166\204\154\325\137\213\213\272\213\301\116\367\120\074}{section.9}% 35
\BOOKMARK [2][-]{subsection.9.3}{\376\377\134\100\226\120\140\047\116\016\145\071\217\333\145\271\124\021}{section.9}% 36
\BOOKMARK [1][-]{section.10}{\376\377\176\323\213\272}{}% 37
