\BOOKMARK [1][-]{section.1}{\376\377\137\025\212\000}{}% 1
\BOOKMARK [2][-]{subsection.1.1}{\376\377\170\024\172\166\200\314\146\157\116\016\225\356\230\230\143\320\121\372}{section.1}% 2
\BOOKMARK [2][-]{subsection.1.2}{\376\377\145\207\163\056\176\374\217\360}{section.1}% 3
\BOOKMARK [2][-]{subsection.1.3}{\376\377\170\024\172\166\150\106\147\266\116\016\122\033\145\260\215\041\163\056}{section.1}% 4
\BOOKMARK [1][-]{section.2}{\376\377\170\024\172\166\213\276\213\241}{}% 5
\BOOKMARK [2][-]{subsection.2.1}{\376\377\145\160\143\156\147\145\156\220\116\016\230\204\131\004\164\006}{section.2}% 6
\BOOKMARK [2][-]{subsection.2.2}{\376\377\123\330\221\317\133\232\116\111}{section.2}% 7
\BOOKMARK [2][-]{subsection.2.3}{\376\377\122\006\147\220\145\271\154\325}{section.2}% 8
\BOOKMARK [2][-]{subsection.2.4}{\376\377\210\145\121\105\122\006\147\220}{section.2}% 9
\BOOKMARK [1][-]{section.3}{\376\377\133\236\213\301\176\323\147\234}{}% 10
\BOOKMARK [2][-]{subsection.3.1}{\376\377\143\317\217\360\140\047\176\337\213\241\116\016\127\372\121\306\126\336\137\122}{section.3}% 11
\BOOKMARK [2][-]{subsection.3.2}{\376\377\121\163\225\056\213\315\177\121\176\334\116\016\116\073\230\230\136\372\152\041}{section.3}% 12
\BOOKMARK [2][-]{subsection.3.3}{\376\377\145\366\225\364\136\217\122\027\122\006\147\220}{section.3}% 13
\BOOKMARK [2][-]{subsection.3.4}{\376\377\126\340\147\234\143\250\145\255\377\032\126\333\134\102\220\022\217\333\122\006\147\220}{section.3}% 14
\BOOKMARK [3][-]{subsubsection.3.4.1}{\376\377\173\054\116\000\134\102\377\032\000P\000S\000M\127\372\121\306\145\110\136\224\117\060\213\241}{subsection.3.4}% 15
\BOOKMARK [3][-]{subsubsection.3.4.2}{\376\377\173\054\116\214\134\102\377\032\172\063\120\145\140\047\213\304\117\060}{subsection.3.4}% 16
\BOOKMARK [3][-]{subsubsection.3.4.3}{\376\377\173\054\116\011\134\102\377\032\126\340\147\234\150\356\147\227\137\002\215\050\140\047\122\006\147\220}{subsection.3.4}% 17
\BOOKMARK [3][-]{subsubsection.3.4.4}{\376\377\173\054\126\333\134\102\377\032\126\340\147\234\116\055\116\313\122\006\147\220}{subsection.3.4}% 18
\BOOKMARK [3][-]{subsubsection.3.4.5}{\376\377\210\145\121\105\232\214\213\301\377\032\000D\000I\000D\122\006\147\220}{subsection.3.4}% 19
\BOOKMARK [1][-]{section.4}{\376\377\213\250\213\272}{}% 20
\BOOKMARK [2][-]{subsection.4.1}{\376\377\150\070\137\303\123\321\163\260\166\204\164\006\213\272\141\017\155\265}{section.4}% 21
\BOOKMARK [2][-]{subsection.4.2}{\376\377\145\271\154\325\213\272\215\041\163\056}{section.4}% 22
\BOOKMARK [2][-]{subsection.4.3}{\376\377\170\024\172\166\134\100\226\120\116\016\147\052\147\145\145\271\124\021}{section.4}% 23
\BOOKMARK [1][-]{section.5}{\376\377\176\323\213\272}{}% 24
